<?xml version="1.0" encoding="UTF-8"?>
<testsuite xmlns:xsi="http://www.w3.org/2001/XMLSchema-instance" xsi:noNamespaceSchemaLocation="https://maven.apache.org/surefire/maven-surefire-plugin/xsd/surefire-test-report.xsd" name="pl.s15778.tau.candle.DatabaseTestSuite" time="10.295" tests="10" errors="10" skipped="0" failures="0">
  <properties>
    <property name="sun.desktop" value="windows"/>
    <property name="awt.toolkit" value="sun.awt.windows.WToolkit"/>
    <property name="java.specification.version" value="11"/>
    <property name="sun.cpu.isalist" value="amd64"/>
    <property name="sun.jnu.encoding" value="Cp1250"/>
    <property name="java.class.path" value="C:\Users\Marcin\Desktop\TAU-Gls-1.6-AI-11c-repozytorium-master\labTwoApp\target\test-classes;C:\Users\Marcin\Desktop\TAU-Gls-1.6-AI-11c-repozytorium-master\labTwoApp\target\classes;C:\Users\Marcin\.m2\repository\junit\junit\4.9\junit-4.9.jar;C:\Users\Marcin\.m2\repository\org\hamcrest\hamcrest-core\1.1\hamcrest-core-1.1.jar;C:\Users\Marcin\.m2\repository\org\hsqldb\hsqldb\2.3.4\hsqldb-2.3.4.jar;"/>
    <property name="java.vm.vendor" value="Oracle Corporation"/>
    <property name="sun.arch.data.model" value="64"/>
    <property name="user.variant" value=""/>
    <property name="java.vendor.url" value="http://java.oracle.com/"/>
    <property name="user.timezone" value="Europe/Belgrade"/>
    <property name="java.vm.specification.version" value="11"/>
    <property name="os.name" value="Windows 10"/>
    <property name="sun.java.launcher" value="SUN_STANDARD"/>
    <property name="user.country" value="PL"/>
    <property name="sun.boot.library.path" value="C:\Program Files\Java\jdk-11.0.2\bin"/>
    <property name="sun.java.command" value="C:\Users\Marcin\AppData\Local\Temp\surefire17318771517546097426\surefirebooter15404645024162248121.jar C:\Users\Marcin\AppData\Local\Temp\surefire17318771517546097426 2019-03-18T23-44-34_927-jvmRun1 surefire7770620008230386322tmp surefire_013458874613693176445tmp"/>
    <property name="jdk.debug" value="release"/>
    <property name="surefire.test.class.path" value="C:\Users\Marcin\Desktop\TAU-Gls-1.6-AI-11c-repozytorium-master\labTwoApp\target\test-classes;C:\Users\Marcin\Desktop\TAU-Gls-1.6-AI-11c-repozytorium-master\labTwoApp\target\classes;C:\Users\Marcin\.m2\repository\junit\junit\4.9\junit-4.9.jar;C:\Users\Marcin\.m2\repository\org\hamcrest\hamcrest-core\1.1\hamcrest-core-1.1.jar;C:\Users\Marcin\.m2\repository\org\hsqldb\hsqldb\2.3.4\hsqldb-2.3.4.jar;"/>
    <property name="sun.cpu.endian" value="little"/>
    <property name="user.home" value="C:\Users\Marcin"/>
    <property name="user.language" value="pl"/>
    <property name="java.specification.vendor" value="Oracle Corporation"/>
    <property name="java.version.date" value="2019-01-15"/>
    <property name="java.home" value="C:\Program Files\Java\jdk-11.0.2"/>
    <property name="file.separator" value="\"/>
    <property name="basedir" value="C:\Users\Marcin\Desktop\TAU-Gls-1.6-AI-11c-repozytorium-master\labTwoApp"/>
    <property name="java.vm.compressedOopsMode" value="32-bit"/>
    <property name="line.separator" value="&#10;"/>
    <property name="java.specification.name" value="Java Platform API Specification"/>
    <property name="java.vm.specification.vendor" value="Oracle Corporation"/>
    <property name="java.awt.graphicsenv" value="sun.awt.Win32GraphicsEnvironment"/>
    <property name="surefire.real.class.path" value="C:\Users\Marcin\AppData\Local\Temp\surefire17318771517546097426\surefirebooter15404645024162248121.jar"/>
    <property name="user.script" value=""/>
    <property name="sun.management.compiler" value="HotSpot 64-Bit Tiered Compilers"/>
    <property name="java.runtime.version" value="11.0.2+9-LTS"/>
    <property name="user.name" value="Marcin"/>
    <property name="path.separator" value=";"/>
    <property name="os.version" value="10.0"/>
    <property name="java.runtime.name" value="Java(TM) SE Runtime Environment"/>
    <property name="file.encoding" value="Cp1250"/>
    <property name="java.vm.name" value="Java HotSpot(TM) 64-Bit Server VM"/>
    <property name="java.vendor.version" value="18.9"/>
    <property name="localRepository" value="C:\Users\Marcin\.m2\repository"/>
    <property name="java.vendor.url.bug" value="http://bugreport.java.com/bugreport/"/>
    <property name="java.io.tmpdir" value="C:\Users\Marcin\AppData\Local\Temp\"/>
    <property name="java.version" value="11.0.2"/>
    <property name="user.dir" value="C:\Users\Marcin\Desktop\TAU-Gls-1.6-AI-11c-repozytorium-master\labTwoApp"/>
    <property name="os.arch" value="amd64"/>
    <property name="java.vm.specification.name" value="Java Virtual Machine Specification"/>
    <property name="java.awt.printerjob" value="sun.awt.windows.WPrinterJob"/>
    <property name="sun.os.patch.level" value=""/>
    <property name="java.library.path" value="C:\Program Files\Java\jdk-11.0.2\bin;C:\WINDOWS\Sun\Java\bin;C:\WINDOWS\system32;C:\WINDOWS;C:\Program Files (x86)\Common Files\Oracle\Java\javapath;C:\Program Files (x86)\Razer Chroma SDK\bin;C:\Program Files\Razer Chroma SDK\bin;C:\Program Files (x86)\Intel\iCLS Client\;C:\Program Files\Intel\iCLS Client\;C:\Windows\system32;C:\Windows;C:\Windows\System32\Wbem;C:\Windows\System32\WindowsPowerShell\v1.0\;C:\Program Files (x86)\NVIDIA Corporation\PhysX\Common;C:\Program Files (x86)\Intel\Intel(R) Management Engine Components\DAL;C:\Program Files\Intel\Intel(R) Management Engine Components\DAL;C:\Program Files (x86)\Intel\Intel(R) Management Engine Components\IPT;C:\Program Files\Intel\Intel(R) Management Engine Components\IPT;C:\WINDOWS\system32;C:\WINDOWS;C:\WINDOWS\System32\Wbem;C:\WINDOWS\System32\WindowsPowerShell\v1.0\;C:\WINDOWS\system32\config\systemprofile\AppData\Local\Microsoft\WindowsApps;C:\Users\Marcin\.dnx\bin;C:\Program Files\Microsoft DNX\Dnvm\;C:\Program Files\Microsoft SQL Server\130\Tools\Binn\;C:\OpenCV-3.4.1\opencv\build\x64\vc14\bin;C:\Program Files\PuTTY\;C:\WINDOWS\System32\OpenSSH\;C:\Program Files (x86)\Brackets\command;C:\Program Files\nodejs\;C:\Program Files (x86)\apache-maven-3.6.0\bin;C:\Program Files\Java\jdk-11.0.2\bin;C:\cygwin64\bin;C:\Users\Marcin\AppData\Local\Microsoft\WindowsApps;C:\Program Files\CMake\bin;C:\Users\Marcin\AppData\Local\GitHubDesktop\bin;C:\Users\Marcin\AppData\Local\Microsoft\WindowsApps;C:\Users\Marcin\AppData\Roaming\npm;."/>
    <property name="java.vendor" value="Oracle Corporation"/>
    <property name="java.vm.info" value="mixed mode"/>
    <property name="java.vm.version" value="11.0.2+9-LTS"/>
    <property name="sun.io.unicode.encoding" value="UnicodeLittle"/>
    <property name="java.class.version" value="55.0"/>
  </properties>
  <testcase name="checkAdding" classname="pl.s15778.tau.candle.dao.CandleDaoTest" time="2.135">
    <error message="java.net.ConnectException: Connection refused: connect" type="java.sql.SQLTransientConnectionException">java.sql.SQLTransientConnectionException: java.net.ConnectException: Connection refused: connect
	at pl.s15778.tau.candle.dao.CandleDaoTest.setup(CandleDaoTest.java:34)
Caused by: org.hsqldb.HsqlException: java.net.ConnectException: Connection refused: connect
	at pl.s15778.tau.candle.dao.CandleDaoTest.setup(CandleDaoTest.java:34)
Caused by: java.net.ConnectException: Connection refused: connect
	at pl.s15778.tau.candle.dao.CandleDaoTest.setup(CandleDaoTest.java:34)
</error>
  </testcase>
  <testcase name="checkAdding" classname="pl.s15778.tau.candle.dao.CandleDaoTest" time="2.135">
    <error message="java.net.ConnectException: Connection refused: connect" type="java.sql.SQLTransientConnectionException">java.sql.SQLTransientConnectionException: java.net.ConnectException: Connection refused: connect
	at pl.s15778.tau.candle.dao.CandleDaoTest.cleanup(CandleDaoTest.java:69)
Caused by: org.hsqldb.HsqlException: java.net.ConnectException: Connection refused: connect
	at pl.s15778.tau.candle.dao.CandleDaoTest.cleanup(CandleDaoTest.java:69)
Caused by: java.net.ConnectException: Connection refused: connect
	at pl.s15778.tau.candle.dao.CandleDaoTest.cleanup(CandleDaoTest.java:69)
</error>
  </testcase>
  <testcase name="checkDeleting" classname="pl.s15778.tau.candle.dao.CandleDaoTest" time="2.032">
    <error message="java.net.ConnectException: Connection refused: connect" type="java.sql.SQLTransientConnectionException">java.sql.SQLTransientConnectionException: java.net.ConnectException: Connection refused: connect
	at pl.s15778.tau.candle.dao.CandleDaoTest.setup(CandleDaoTest.java:34)
Caused by: org.hsqldb.HsqlException: java.net.ConnectException: Connection refused: connect
	at pl.s15778.tau.candle.dao.CandleDaoTest.setup(CandleDaoTest.java:34)
Caused by: java.net.ConnectException: Connection refused: connect
	at pl.s15778.tau.candle.dao.CandleDaoTest.setup(CandleDaoTest.java:34)
</error>
  </testcase>
  <testcase name="checkDeleting" classname="pl.s15778.tau.candle.dao.CandleDaoTest" time="2.032">
    <error message="java.net.ConnectException: Connection refused: connect" type="java.sql.SQLTransientConnectionException">java.sql.SQLTransientConnectionException: java.net.ConnectException: Connection refused: connect
	at pl.s15778.tau.candle.dao.CandleDaoTest.cleanup(CandleDaoTest.java:69)
Caused by: org.hsqldb.HsqlException: java.net.ConnectException: Connection refused: connect
	at pl.s15778.tau.candle.dao.CandleDaoTest.cleanup(CandleDaoTest.java:69)
Caused by: java.net.ConnectException: Connection refused: connect
	at pl.s15778.tau.candle.dao.CandleDaoTest.cleanup(CandleDaoTest.java:69)
</error>
  </testcase>
  <testcase name="checkGetting" classname="pl.s15778.tau.candle.dao.CandleDaoTest" time="2.032">
    <error message="java.net.ConnectException: Connection refused: connect" type="java.sql.SQLTransientConnectionException">java.sql.SQLTransientConnectionException: java.net.ConnectException: Connection refused: connect
	at pl.s15778.tau.candle.dao.CandleDaoTest.setup(CandleDaoTest.java:34)
Caused by: org.hsqldb.HsqlException: java.net.ConnectException: Connection refused: connect
	at pl.s15778.tau.candle.dao.CandleDaoTest.setup(CandleDaoTest.java:34)
Caused by: java.net.ConnectException: Connection refused: connect
	at pl.s15778.tau.candle.dao.CandleDaoTest.setup(CandleDaoTest.java:34)
</error>
  </testcase>
  <testcase name="checkGetting" classname="pl.s15778.tau.candle.dao.CandleDaoTest" time="2.033">
    <error message="java.net.ConnectException: Connection refused: connect" type="java.sql.SQLTransientConnectionException">java.sql.SQLTransientConnectionException: java.net.ConnectException: Connection refused: connect
	at pl.s15778.tau.candle.dao.CandleDaoTest.cleanup(CandleDaoTest.java:69)
Caused by: org.hsqldb.HsqlException: java.net.ConnectException: Connection refused: connect
	at pl.s15778.tau.candle.dao.CandleDaoTest.cleanup(CandleDaoTest.java:69)
Caused by: java.net.ConnectException: Connection refused: connect
	at pl.s15778.tau.candle.dao.CandleDaoTest.cleanup(CandleDaoTest.java:69)
</error>
  </testcase>
  <testcase name="checkUpdatingSuccess" classname="pl.s15778.tau.candle.dao.CandleDaoTest" time="2.005">
    <error message="java.net.ConnectException: Connection refused: connect" type="java.sql.SQLTransientConnectionException">java.sql.SQLTransientConnectionException: java.net.ConnectException: Connection refused: connect
	at pl.s15778.tau.candle.dao.CandleDaoTest.setup(CandleDaoTest.java:34)
Caused by: org.hsqldb.HsqlException: java.net.ConnectException: Connection refused: connect
	at pl.s15778.tau.candle.dao.CandleDaoTest.setup(CandleDaoTest.java:34)
Caused by: java.net.ConnectException: Connection refused: connect
	at pl.s15778.tau.candle.dao.CandleDaoTest.setup(CandleDaoTest.java:34)
</error>
  </testcase>
  <testcase name="checkUpdatingSuccess" classname="pl.s15778.tau.candle.dao.CandleDaoTest" time="2.006">
    <error message="java.net.ConnectException: Connection refused: connect" type="java.sql.SQLTransientConnectionException">java.sql.SQLTransientConnectionException: java.net.ConnectException: Connection refused: connect
	at pl.s15778.tau.candle.dao.CandleDaoTest.cleanup(CandleDaoTest.java:69)
Caused by: org.hsqldb.HsqlException: java.net.ConnectException: Connection refused: connect
	at pl.s15778.tau.candle.dao.CandleDaoTest.cleanup(CandleDaoTest.java:69)
Caused by: java.net.ConnectException: Connection refused: connect
	at pl.s15778.tau.candle.dao.CandleDaoTest.cleanup(CandleDaoTest.java:69)
</error>
  </testcase>
  <testcase name="checkUpdatingFailure" classname="pl.s15778.tau.candle.dao.CandleDaoTest" time="2.007">
    <error message="java.net.ConnectException: Connection refused: connect" type="java.sql.SQLTransientConnectionException">java.sql.SQLTransientConnectionException: java.net.ConnectException: Connection refused: connect
	at pl.s15778.tau.candle.dao.CandleDaoTest.setup(CandleDaoTest.java:34)
Caused by: org.hsqldb.HsqlException: java.net.ConnectException: Connection refused: connect
	at pl.s15778.tau.candle.dao.CandleDaoTest.setup(CandleDaoTest.java:34)
Caused by: java.net.ConnectException: Connection refused: connect
	at pl.s15778.tau.candle.dao.CandleDaoTest.setup(CandleDaoTest.java:34)
</error>
  </testcase>
  <testcase name="checkUpdatingFailure" classname="pl.s15778.tau.candle.dao.CandleDaoTest" time="2.008">
    <error message="java.net.ConnectException: Connection refused: connect" type="java.sql.SQLTransientConnectionException">java.sql.SQLTransientConnectionException: java.net.ConnectException: Connection refused: connect
	at pl.s15778.tau.candle.dao.CandleDaoTest.cleanup(CandleDaoTest.java:69)
Caused by: org.hsqldb.HsqlException: java.net.ConnectException: Connection refused: connect
	at pl.s15778.tau.candle.dao.CandleDaoTest.cleanup(CandleDaoTest.java:69)
Caused by: java.net.ConnectException: Connection refused: connect
	at pl.s15778.tau.candle.dao.CandleDaoTest.cleanup(CandleDaoTest.java:69)
</error>
  </testcase>
</testsuite>